#
# There is insufficient memory for the Java Runtime Environment to continue.
# Native memory allocation (malloc) failed to allocate 244784 bytes for Chunk::new
# Possible reasons:
#   The system is out of physical RAM or swap space
#   The process is running with CompressedOops enabled, and the Java Heap may be blocking the growth of the native heap
# Possible solutions:
#   Reduce memory load on the system
#   Increase physical memory or swap space
#   Check if swap backing store is full
#   Decrease Java heap size (-Xmx/-Xms)
#   Decrease number of Java threads
#   Decrease Java thread stack sizes (-Xss)
#   Set larger code cache with -XX:ReservedCodeCacheSize=
#   JVM is running with Unscaled Compressed Oops mode in which the Java heap is
#     placed in the first 4GB address space. The Java Heap base address is the
#     maximum limit for the native heap growth. Please use -XX:HeapBaseMinAddress
#     to set the Java Heap base and to place the Java Heap above 4GB virtual address.
# This output file may be truncated or incomplete.
#
#  Out of Memory Error (allocation.cpp:389), pid=10548, tid=0x0000000000000ccc
#
# JRE version: OpenJDK Runtime Environment (8.0_242-b01) (build 1.8.0_242-release-1644-b01)
# Java VM: OpenJDK 64-Bit Server VM (25.242-b01 mixed mode windows-amd64 compressed oops)
# Failed to write core dump. Minidumps are not enabled by default on client versions of Windows
#

---------------  T H R E A D  ---------------

Current thread (0x0000000019757000):  JavaThread "C2 CompilerThread2" daemon [_thread_in_native, id=3276, stack(0x000000001a220000,0x000000001a320000)]

Stack: [0x000000001a220000,0x000000001a320000]
[error occurred during error reporting (printing stack bounds), id 0xc0000005]

Native frames: (J=compiled Java code, j=interpreted, Vv=VM code, C=native code)


Current CompileTask:
C2: 106584 10243       4       java.lang.Class::privateGetMethodRecursive (130 bytes)


---------------  P R O C E S S  ---------------

Java Threads: ( => current thread )
  0x0000000021912000 JavaThread "Memory manager" [_thread_blocked, id=8928, stack(0x000000002cb80000,0x000000002cc80000)]
  0x000000002190e000 JavaThread "jar transforms Thread 115" [_thread_blocked, id=15960, stack(0x000000002ccb0000,0x000000002cdb0000)]
  0x0000000021914000 JavaThread "jar transforms Thread 114" [_thread_blocked, id=3272, stack(0x000000002ca80000,0x000000002cb80000)]
  0x0000000021912800 JavaThread "jar transforms Thread 113" [_thread_blocked, id=9304, stack(0x000000002c980000,0x000000002ca80000)]
  0x000000002190f000 JavaThread "jar transforms Thread 112" [_thread_blocked, id=6164, stack(0x000000002c880000,0x000000002c980000)]
  0x0000000021911000 JavaThread "jar transforms Thread 111" [_thread_blocked, id=5552, stack(0x000000002c780000,0x000000002c880000)]
  0x0000000021910800 JavaThread "jar transforms Thread 110" [_thread_blocked, id=12480, stack(0x000000002c040000,0x000000002c140000)]
  0x0000000021913800 JavaThread "jar transforms Thread 109" [_thread_blocked, id=10628, stack(0x000000002bf40000,0x000000002c040000)]
  0x000000001fe07800 JavaThread "jar transforms Thread 108" [_thread_blocked, id=4888, stack(0x000000002be40000,0x000000002bf40000)]
  0x000000001fe05000 JavaThread "jar transforms Thread 107" [_thread_blocked, id=11528, stack(0x000000002b340000,0x000000002b440000)]
  0x000000001fe08000 JavaThread "jar transforms Thread 106" [_thread_blocked, id=3836, stack(0x000000002b240000,0x000000002b340000)]
  0x000000001fe06000 JavaThread "jar transforms Thread 105" [_thread_blocked, id=3436, stack(0x000000002b140000,0x000000002b240000)]
  0x000000001fe06800 JavaThread "jar transforms Thread 104" [_thread_blocked, id=1832, stack(0x000000002c680000,0x000000002c780000)]
  0x000000001fe04800 JavaThread "jar transforms Thread 103" [_thread_blocked, id=3408, stack(0x000000002c580000,0x000000002c680000)]
  0x000000001fe03800 JavaThread "jar transforms Thread 102" [_thread_blocked, id=11364, stack(0x000000002c480000,0x000000002c580000)]
  0x000000001fdfc000 JavaThread "jar transforms Thread 101" [_thread_blocked, id=11316, stack(0x000000002c380000,0x000000002c480000)]
  0x000000001fe03000 JavaThread "jar transforms Thread 100" [_thread_blocked, id=14684, stack(0x000000002c280000,0x000000002c380000)]
  0x000000001fdfb800 JavaThread "jar transforms Thread 99" [_thread_blocked, id=832, stack(0x000000002c180000,0x000000002c280000)]
  0x000000001fe02000 JavaThread "jar transforms Thread 98" [_thread_blocked, id=3476, stack(0x000000002bd40000,0x000000002be40000)]
  0x000000001fe01800 JavaThread "jar transforms Thread 97" [_thread_blocked, id=11708, stack(0x000000002bc40000,0x000000002bd40000)]
  0x000000001fdfa000 JavaThread "jar transforms Thread 96" [_thread_blocked, id=796, stack(0x000000002b500000,0x000000002b600000)]
  0x000000001fe00800 JavaThread "jar transforms Thread 95" [_thread_blocked, id=14448, stack(0x000000002bb40000,0x000000002bc40000)]
  0x000000001fdf9000 JavaThread "jar transforms Thread 94" [_thread_blocked, id=13476, stack(0x000000002ba40000,0x000000002bb40000)]
  0x000000001fe00000 JavaThread "jar transforms Thread 93" [_thread_blocked, id=4804, stack(0x000000002b940000,0x000000002ba40000)]
  0x000000001fdfa800 JavaThread "jar transforms Thread 92" [_thread_blocked, id=14380, stack(0x000000002b840000,0x000000002b940000)]
  0x000000001fdff000 JavaThread "jar transforms Thread 91" [_thread_blocked, id=15888, stack(0x000000002b740000,0x000000002b840000)]
  0x000000001fdfd800 JavaThread "jar transforms Thread 90" [_thread_blocked, id=12420, stack(0x000000002b640000,0x000000002b740000)]
  0x000000001fdfd000 JavaThread "jar transforms Thread 89" [_thread_blocked, id=10804, stack(0x000000002af00000,0x000000002b000000)]
  0x000000001fdfe800 JavaThread "jar transforms Thread 88" [_thread_blocked, id=16020, stack(0x000000002b040000,0x000000002b140000)]
  0x000000002173c000 JavaThread "jar transforms Thread 87" [_thread_blocked, id=924, stack(0x000000002ae00000,0x000000002af00000)]
  0x0000000021737000 JavaThread "jar transforms Thread 86" [_thread_blocked, id=6328, stack(0x000000002ad00000,0x000000002ae00000)]
  0x0000000021739000 JavaThread "jar transforms Thread 85" [_thread_blocked, id=4768, stack(0x000000002ac00000,0x000000002ad00000)]
  0x000000002173a000 JavaThread "jar transforms Thread 84" [_thread_blocked, id=15528, stack(0x000000002ab00000,0x000000002ac00000)]
  0x000000002173b800 JavaThread "jar transforms Thread 83" [_thread_blocked, id=16224, stack(0x000000002aa00000,0x000000002ab00000)]
  0x0000000021736000 JavaThread "jar transforms Thread 82" [_thread_blocked, id=14588, stack(0x000000002a6d0000,0x000000002a7d0000)]
  0x0000000021737800 JavaThread "jar transforms Thread 81" [_thread_blocked, id=7340, stack(0x000000002a900000,0x000000002aa00000)]
  0x0000000021738800 JavaThread "jar transforms Thread 80" [_thread_blocked, id=14472, stack(0x000000002a800000,0x000000002a900000)]
  0x000000002173a800 JavaThread "jar transforms Thread 79" [_thread_blocked, id=10312, stack(0x000000002a0b0000,0x000000002a1b0000)]
  0x000000002172e800 JavaThread "jar transforms Thread 78" [_thread_blocked, id=1504, stack(0x000000002a5d0000,0x000000002a6d0000)]
  0x0000000021734800 JavaThread "jar transforms Thread 77" [_thread_blocked, id=1736, stack(0x000000002a4d0000,0x000000002a5d0000)]
  0x0000000021735800 JavaThread "jar transforms Thread 76" [_thread_blocked, id=12668, stack(0x000000002a3d0000,0x000000002a4d0000)]
  0x000000002172d000 JavaThread "jar transforms Thread 75" [_thread_blocked, id=9908, stack(0x000000002a2d0000,0x000000002a3d0000)]
  0x0000000021730000 JavaThread "jar transforms Thread 74" [_thread_blocked, id=9612, stack(0x000000002a1d0000,0x000000002a2d0000)]
  0x0000000021733800 JavaThread "jar transforms Thread 73" [_thread_blocked, id=16252, stack(0x0000000000c80000,0x0000000000d80000)]
  0x0000000021733000 JavaThread "jar transforms Thread 72" [_thread_blocked, id=12052, stack(0x0000000029fb0000,0x000000002a0b0000)]
  0x0000000021732000 JavaThread "jar transforms Thread 71" [_thread_blocked, id=13240, stack(0x0000000029eb0000,0x0000000029fb0000)]
  0x000000002172d800 JavaThread "jar transforms Thread 70" [_thread_blocked, id=3196, stack(0x0000000029db0000,0x0000000029eb0000)]
  0x0000000021731800 JavaThread "jar transforms Thread 69" [_thread_blocked, id=8832, stack(0x0000000029cb0000,0x0000000029db0000)]
  0x0000000021730800 JavaThread "jar transforms Thread 68" [_thread_blocked, id=2176, stack(0x0000000029bb0000,0x0000000029cb0000)]
  0x000000002172f000 JavaThread "jar transforms Thread 67" [_thread_blocked, id=11884, stack(0x0000000029ab0000,0x0000000029bb0000)]
  0x000000001c9c2800 JavaThread "jar transforms Thread 66" [_thread_blocked, id=9756, stack(0x00000000299b0000,0x0000000029ab0000)]
  0x000000001c9c7000 JavaThread "jar transforms Thread 65" [_thread_blocked, id=12756, stack(0x00000000290d0000,0x00000000291d0000)]
  0x000000001c9c8800 JavaThread "jar transforms Thread 64" [_thread_blocked, id=6772, stack(0x0000000028fd0000,0x00000000290d0000)]
  0x000000001c9c6000 JavaThread "jar transforms Thread 63" [_thread_blocked, id=14020, stack(0x00000000298b0000,0x00000000299b0000)]
  0x000000001c9c4800 JavaThread "jar transforms Thread 62" [_thread_blocked, id=7656, stack(0x00000000297b0000,0x00000000298b0000)]
  0x000000001c9c3000 JavaThread "jar transforms Thread 61" [_thread_blocked, id=13592, stack(0x00000000296b0000,0x00000000297b0000)]
  0x000000001c9c5800 JavaThread "jar transforms Thread 60" [_thread_blocked, id=5276, stack(0x00000000295b0000,0x00000000296b0000)]
  0x000000001c9c1800 JavaThread "jar transforms Thread 59" [_thread_blocked, id=10420, stack(0x00000000294b0000,0x00000000295b0000)]
  0x000000001c9c4000 JavaThread "jar transforms Thread 58" [_thread_blocked, id=16084, stack(0x00000000293b0000,0x00000000294b0000)]
  0x000000001c9c1000 JavaThread "jar transforms Thread 57" [_thread_blocked, id=3508, stack(0x00000000292b0000,0x00000000293b0000)]
  0x000000001c9c7800 JavaThread "jar transforms Thread 56" [_thread_blocked, id=1320, stack(0x0000000028ed0000,0x0000000028fd0000)]
  0x000000001c9b9800 JavaThread "jar transforms Thread 55" [_thread_blocked, id=16132, stack(0x0000000028dd0000,0x0000000028ed0000)]
  0x000000001c9c0000 JavaThread "jar transforms Thread 54" [_thread_blocked, id=12032, stack(0x0000000028cd0000,0x0000000028dd0000)]
  0x000000001c9ba000 JavaThread "jar transforms Thread 53" [_thread_blocked, id=9112, stack(0x0000000028bd0000,0x0000000028cd0000)]
  0x000000001c9be800 JavaThread "jar transforms Thread 52" [_thread_blocked, id=5880, stack(0x0000000028ad0000,0x0000000028bd0000)]
  0x000000001c9be000 JavaThread "jar transforms Thread 51" [_thread_blocked, id=10712, stack(0x00000000289d0000,0x0000000028ad0000)]
  0x000000001c9bc800 JavaThread "jar transforms Thread 50" [_thread_blocked, id=2596, stack(0x00000000288d0000,0x00000000289d0000)]
  0x000000001c9bb800 JavaThread "jar transforms Thread 49" [_thread_blocked, id=7376, stack(0x00000000287d0000,0x00000000288d0000)]
  0x000000001c9bd000 JavaThread "jar transforms Thread 48" [_thread_blocked, id=13212, stack(0x00000000286d0000,0x00000000287d0000)]
  0x000000001c9bf800 JavaThread "jar transforms Thread 47" [_thread_blocked, id=11440, stack(0x00000000285d0000,0x00000000286d0000)]
  0x000000001c9bb000 JavaThread "jar transforms Thread 46" [_thread_blocked, id=3024, stack(0x00000000284d0000,0x00000000285d0000)]
  0x000000001abe4800 JavaThread "jar transforms Thread 45" [_thread_blocked, id=15680, stack(0x00000000283d0000,0x00000000284d0000)]
  0x000000001abe3000 JavaThread "jar transforms Thread 44" [_thread_blocked, id=13360, stack(0x0000000023590000,0x0000000023690000)]
  0x000000001a776000 JavaThread "jar transforms Thread 43" [_thread_blocked, id=5144, stack(0x0000000023490000,0x0000000023590000)]
  0x000000001a777800 JavaThread "jar transforms Thread 42" [_thread_blocked, id=1344, stack(0x0000000023390000,0x0000000023490000)]
  0x000000001a77a800 JavaThread "jar transforms Thread 41" [_thread_blocked, id=11072, stack(0x0000000023290000,0x0000000023390000)]
  0x000000001a779000 JavaThread "jar transforms Thread 40" [_thread_blocked, id=10464, stack(0x0000000023190000,0x0000000023290000)]
  0x000000001a77c000 JavaThread "jar transforms Thread 39" [_thread_blocked, id=15064, stack(0x0000000023090000,0x0000000023190000)]
  0x000000001b85b000 JavaThread "jar transforms Thread 38" [_thread_blocked, id=10188, stack(0x0000000022f90000,0x0000000023090000)]
  0x000000001b859800 JavaThread "jar transforms Thread 37" [_thread_blocked, id=4348, stack(0x0000000022e90000,0x0000000022f90000)]
  0x000000001b857800 JavaThread "jar transforms Thread 36" [_thread_blocked, id=13288, stack(0x0000000022200000,0x0000000022300000)]
  0x000000001b85a800 JavaThread "jar transforms Thread 35" [_thread_blocked, id=14788, stack(0x0000000022100000,0x0000000022200000)]
  0x000000001b85c000 JavaThread "jar transforms Thread 34" [_thread_blocked, id=14692, stack(0x0000000020ff0000,0x00000000210f0000)]
  0x000000001b859000 JavaThread "jar transforms Thread 33" [_thread_blocked, id=15364, stack(0x0000000020ef0000,0x0000000020ff0000)]
  0x000000001b856000 JavaThread "jar transforms Thread 32" [_thread_blocked, id=14508, stack(0x0000000020df0000,0x0000000020ef0000)]
  0x000000001b858000 JavaThread "jar transforms Thread 31" [_thread_blocked, id=1972, stack(0x0000000020cf0000,0x0000000020df0000)]
  0x000000001ff19000 JavaThread "jar transforms Thread 30" [_thread_blocked, id=9276, stack(0x0000000020bf0000,0x0000000020cf0000)]
  0x000000001ff11000 JavaThread "jar transforms Thread 29" [_thread_blocked, id=10004, stack(0x0000000020af0000,0x0000000020bf0000)]
  0x000000001ff17000 JavaThread "jar transforms Thread 28" [_thread_blocked, id=7852, stack(0x000000001e150000,0x000000001e250000)]
  0x000000001ff16000 JavaThread "jar transforms Thread 27" [_thread_blocked, id=2780, stack(0x0000000000b80000,0x0000000000c80000)]
  0x000000001ff15800 JavaThread "jar transforms Thread 26" [_thread_blocked, id=1728, stack(0x0000000000a80000,0x0000000000b80000)]
  0x000000001ff14000 JavaThread "Build operations Thread 8" [_thread_blocked, id=1664, stack(0x0000000027fd0000,0x00000000280d0000)]
  0x000000001ff18800 JavaThread "Build operations Thread 7" [_thread_blocked, id=10840, stack(0x0000000027ed0000,0x0000000027fd0000)]
  0x000000001ff13000 JavaThread "Build operations Thread 6" [_thread_blocked, id=2936, stack(0x0000000027dd0000,0x0000000027ed0000)]
  0x000000001ff17800 JavaThread "Build operations Thread 5" [_thread_blocked, id=12664, stack(0x0000000027a10000,0x0000000027b10000)]
  0x000000001ff0b800 JavaThread "Build operations Thread 4" [_thread_blocked, id=11384, stack(0x0000000027910000,0x0000000027a10000)]
  0x000000001ff12800 JavaThread "Build operations Thread 3" [_thread_blocked, id=928, stack(0x0000000027810000,0x0000000027910000)]
  0x000000001ff11800 JavaThread "Build operations Thread 2" [_thread_blocked, id=13756, stack(0x0000000027710000,0x0000000027810000)]
  0x000000001ff0e000 JavaThread "Build operations" [_thread_blocked, id=13496, stack(0x0000000027190000,0x0000000027290000)]
  0x000000001ff0d000 JavaThread "Cache worker for Build Output Cleanup Cache (D:\Nam3_HK2\ANDROID_AA\CODE_BAN\OnThiRecycleView\.gradle\buildOutputCleanup)" [_thread_blocked, id=13432, stack(0x0000000025660000,0x0000000025760000)]
  0x000000001b861000 JavaThread "Cache worker for file content cache (C:\Users\HP\.gradle\caches\6.7.1\fileContent)" [_thread_blocked, id=14856, stack(0x0000000025780000,0x0000000025880000)]
  0x000000001b85f800 JavaThread "Cache worker for execution history cache (C:\Users\HP\.gradle\caches\6.7.1\executionHistory)" [_thread_blocked, id=1452, stack(0x0000000023d90000,0x0000000023e90000)]
  0x000000001b856800 JavaThread "Cache worker for cache directory md-rule (C:\Users\HP\.gradle\caches\6.7.1\md-rule)" [_thread_blocked, id=2652, stack(0x0000000023a90000,0x0000000023b90000)]
  0x000000001b85d800 JavaThread "Cache worker for cache directory md-supplier (C:\Users\HP\.gradle\caches\6.7.1\md-supplier)" [_thread_blocked, id=4256, stack(0x0000000023990000,0x0000000023a90000)]
  0x000000001b85c800 JavaThread "Cache worker for checksums cache (D:\Nam3_HK2\ANDROID_AA\CODE_BAN\OnThiRecycleView\.gradle\checksums)" [_thread_blocked, id=11232, stack(0x0000000023890000,0x0000000023990000)]
  0x000000001b855000 JavaThread "jar transforms Thread 17" [_thread_blocked, id=13448, stack(0x0000000022d90000,0x0000000022e90000)]
  0x000000001b853800 JavaThread "jar transforms Thread 16" [_thread_blocked, id=3428, stack(0x0000000022c90000,0x0000000022d90000)]
  0x000000001b853000 JavaThread "jar transforms Thread 15" [_thread_blocked, id=11740, stack(0x0000000022b90000,0x0000000022c90000)]
  0x000000001b852000 JavaThread "jar transforms Thread 14" [_thread_blocked, id=15112, stack(0x0000000022a90000,0x0000000022b90000)]
  0x000000001b854800 JavaThread "jar transforms Thread 13" [_thread_blocked, id=3056, stack(0x0000000022990000,0x0000000022a90000)]
  0x000000001a778000 JavaThread "jar transforms Thread 12" [_thread_blocked, id=9088, stack(0x0000000022890000,0x0000000022990000)]
  0x000000001a775000 JavaThread "jar transforms Thread 11" [_thread_blocked, id=13744, stack(0x0000000022790000,0x0000000022890000)]
  0x000000001a77a000 JavaThread "jar transforms Thread 10" [_thread_blocked, id=10852, stack(0x0000000022690000,0x0000000022790000)]
  0x000000001a776800 JavaThread "jar transforms Thread 9" [_thread_blocked, id=2504, stack(0x0000000022590000,0x0000000022690000)]
  0x000000001abe2800 JavaThread "Cache worker for file hash cache (D:\Nam3_HK2\ANDROID_AA\CODE_BAN\OnThiRecycleView\.gradle\6.7.1\fileHashes)" [_thread_blocked, id=756, stack(0x00000000209f0000,0x0000000020af0000)]
  0x000000001abe4000 JavaThread "Cache worker for journal cache (C:\Users\HP\.gradle\caches\journal-1)" [_thread_blocked, id=1492, stack(0x000000001f920000,0x000000001fa20000)]
  0x000000001abe1800 JavaThread "File lock request listener" [_thread_in_native, id=8080, stack(0x000000001f620000,0x000000001f720000)]
  0x000000001bf1b800 JavaThread "Cache worker for file hash cache (C:\Users\HP\.gradle\caches\6.7.1\fileHashes)" [_thread_blocked, id=2592, stack(0x000000001f520000,0x000000001f620000)]
  0x000000001b1ae800 JavaThread "Thread-9" [_thread_blocked, id=10016, stack(0x000000001e250000,0x000000001e350000)]
  0x000000001c6dc800 JavaThread "Asynchronous log dispatcher for DefaultDaemonConnection: socket connection from /127.0.0.1:58901 to /127.0.0.1:58902" [_thread_blocked, id=13524, stack(0x000000001e050000,0x000000001e150000)]
  0x000000001c6dc000 JavaThread "Daemon worker" [_thread_in_vm, id=11812, stack(0x000000001df50000,0x000000001e050000)]
  0x000000001b199800 JavaThread "Cancel handler" [_thread_blocked, id=6184, stack(0x000000001dd50000,0x000000001de50000)]
  0x000000001b01b800 JavaThread "Handler for socket connection from /127.0.0.1:58901 to /127.0.0.1:58902" [_thread_in_native, id=12120, stack(0x000000001dc50000,0x000000001dd50000)]
  0x000000001b018800 JavaThread "Daemon" [_thread_blocked, id=10192, stack(0x000000001d950000,0x000000001da50000)]
  0x000000001abe6000 JavaThread "Daemon periodic checks" [_thread_blocked, id=5900, stack(0x000000001d850000,0x000000001d950000)]
  0x000000001abe1000 JavaThread "Incoming local TCP Connector on port 58901" [_thread_in_native, id=8944, stack(0x000000001d610000,0x000000001d710000)]
  0x000000001c698800 JavaThread "Daemon health stats" [_thread_blocked, id=3584, stack(0x000000001bdf0000,0x000000001bef0000)]
  0x000000001977a000 JavaThread "Service Thread" daemon [_thread_blocked, id=9928, stack(0x000000001a420000,0x000000001a520000)]
  0x000000001975f000 JavaThread "C1 CompilerThread3" daemon [_thread_blocked, id=11960, stack(0x000000001a320000,0x000000001a420000)]
=>0x0000000019757000 JavaThread "C2 CompilerThread2" daemon [_thread_in_native, id=3276, stack(0x000000001a220000,0x000000001a320000)]
  0x0000000019753800 JavaThread "C2 CompilerThread1" daemon [_thread_in_native, id=1168, stack(0x000000001a120000,0x000000001a220000)]
  0x0000000019750000 JavaThread "C2 CompilerThread0" daemon [_thread_in_native, id=12916, stack(0x000000001a020000,0x000000001a120000)]
  0x000000001974f000 JavaThread "Attach Listener" daemon [_thread_blocked, id=2752, stack(0x0000000019f20000,0x000000001a020000)]
  0x000000001974e000 JavaThread "Signal Dispatcher" daemon [_thread_blocked, id=14112, stack(0x0000000019e20000,0x0000000019f20000)]
  0x00000000028e9000 JavaThread "Finalizer" daemon [_thread_blocked, id=5704, stack(0x0000000019c20000,0x0000000019d20000)]
  0x000000001795c000 JavaThread "Reference Handler" daemon [_thread_blocked, id=12156, stack(0x0000000019b20000,0x0000000019c20000)]
  0x00000000027f2800 JavaThread "main" [_thread_blocked, id=15572, stack(0x0000000002670000,0x0000000002770000)]

Other Threads:
  0x0000000017957800 VMThread [stack: 0x0000000019620000,0x0000000019720000] [id=7408]
  0x000000001977a800 WatcherThread [stack: 0x000000001a520000,0x000000001a620000] [id=6312]

VM state:not at safepoint (normal execution)

VM Mutex/Monitor currently owned by a thread: None

heap address: 0x0000000080000000, size: 2048 MB, Compressed Oops mode: 32-bit
Narrow klass base: 0x0000000000000000, Narrow klass shift: 3
Compressed class space size: 1073741824 Address: 0x0000000100000000

Heap:
 PSYoungGen      total 666624K, used 113641K [0x00000000d5580000, 0x00000000ffe00000, 0x0000000100000000)
  eden space 638464K, 17% used [0x00000000d5580000,0x00000000dc47a758,0x00000000fc500000)
  from space 28160K, 0% used [0x00000000fe280000,0x00000000fe280000,0x00000000ffe00000)
  to   space 29184K, 0% used [0x00000000fc500000,0x00000000fc500000,0x00000000fe180000)
 ParOldGen       total 116736K, used 30190K [0x0000000080000000, 0x0000000087200000, 0x00000000d5580000)
  object space 116736K, 25% used [0x0000000080000000,0x0000000081d7b9c8,0x0000000087200000)
 Metaspace       used 63593K, capacity 66162K, committed 66304K, reserved 1107968K
  class space    used 8086K, capacity 8576K, committed 8704K, reserved 1048576K

Card table byte_map: [0x0000000011cb0000,0x00000000120c0000] byte_map_base: 0x00000000118b0000

Marking Bits: (ParMarkBitMap*) 0x0000000075a9f030
 Begin Bits: [0x0000000012b70000, 0x0000000014b70000)
 End Bits:   [0x0000000014b70000, 0x0000000016b70000)

Polling page: 0x0000000000dd0000

CodeCache: size=245760Kb used=30290Kb max_used=31102Kb free=215470Kb
 bounds [0x00000000028f0000, 0x0000000004790000, 0x00000000118f0000]
 total_blobs=9048 nmethods=8208 adapters=752
 compilation: enabled

Compilation events (10 events):
Event: 106.462 Thread 0x000000001975f000 10255       3       groovy.lang.MetaClassImpl::inheritInterfaceNewMetaMethods (199 bytes)
Event: 106.465 Thread 0x000000001975f000 nmethod 10255 0x0000000003aa3710 code [0x0000000003aa3a00, 0x0000000003aa50c8]
Event: 106.502 Thread 0x000000001975f000 10256       3       java.beans.PropertyDescriptor::<init> (112 bytes)
Event: 106.502 Thread 0x000000001975f000 nmethod 10256 0x0000000003451990 code [0x0000000003451b60, 0x00000000034522e8]
Event: 106.502 Thread 0x000000001975f000 10257   !   3       java.beans.PropertyDescriptor::updateGenericsFor (37 bytes)
Event: 106.504 Thread 0x000000001975f000 nmethod 10257 0x0000000002b63150 code [0x0000000002b633c0, 0x0000000002b64538]
Event: 106.515 Thread 0x000000001975f000 10258       3       sun.reflect.generics.reflectiveObjects.TypeVariableImpl::equals (67 bytes)
Event: 106.516 Thread 0x000000001975f000 nmethod 10258 0x0000000002f02bd0 code [0x0000000002f02dc0, 0x0000000002f037f8]
Event: 106.522 Thread 0x000000001975f000 10261       3       java.util.LinkedList$ListItr::set (28 bytes)
Event: 106.523 Thread 0x000000001975f000 nmethod 10261 0x0000000003364cd0 code [0x0000000003364e60, 0x00000000033652b8]

GC Heap History (10 events):
Event: 95.370 GC heap before
{Heap before GC invocations=29 (full 2):
 PSYoungGen      total 592384K, used 591405K [0x00000000d5580000, 0x00000000fd100000, 0x0000000100000000)
  eden space 568832K, 100% used [0x00000000d5580000,0x00000000f8100000,0x00000000f8100000)
  from space 23552K, 95% used [0x00000000f9980000,0x00000000faf8b4a8,0x00000000fb080000)
  to   space 25088K, 0% used [0x00000000f8100000,0x00000000f8100000,0x00000000f9980000)
 ParOldGen       total 96256K, used 23113K [0x0000000080000000, 0x0000000085e00000, 0x00000000d5580000)
  object space 96256K, 24% used [0x0000000080000000,0x0000000081692480,0x0000000085e00000)
 Metaspace       used 51348K, capacity 53468K, committed 53632K, reserved 1095680K
  class space    used 6503K, capacity 6937K, committed 7040K, reserved 1048576K
Event: 95.409 GC heap after
Heap after GC invocations=29 (full 2):
 PSYoungGen      total 593920K, used 17927K [0x00000000d5580000, 0x0000000100000000, 0x0000000100000000)
  eden space 568832K, 0% used [0x00000000d5580000,0x00000000d5580000,0x00000000f8100000)
  from space 25088K, 71% used [0x00000000f8100000,0x00000000f9281db8,0x00000000f9980000)
  to   space 30208K, 0% used [0x00000000fe280000,0x00000000fe280000,0x0000000100000000)
 ParOldGen       total 96256K, used 24176K [0x0000000080000000, 0x0000000085e00000, 0x00000000d5580000)
  object space 96256K, 25% used [0x0000000080000000,0x000000008179c388,0x0000000085e00000)
 Metaspace       used 51348K, capacity 53468K, committed 53632K, reserved 1095680K
  class space    used 6503K, capacity 6937K, committed 7040K, reserved 1048576K
}
Event: 97.442 GC heap before
{Heap before GC invocations=30 (full 2):
 PSYoungGen      total 593920K, used 586759K [0x00000000d5580000, 0x0000000100000000, 0x0000000100000000)
  eden space 568832K, 100% used [0x00000000d5580000,0x00000000f8100000,0x00000000f8100000)
  from space 25088K, 71% used [0x00000000f8100000,0x00000000f9281db8,0x00000000f9980000)
  to   space 30208K, 0% used [0x00000000fe280000,0x00000000fe280000,0x0000000100000000)
 ParOldGen       total 96256K, used 24176K [0x0000000080000000, 0x0000000085e00000, 0x00000000d5580000)
  object space 96256K, 25% used [0x0000000080000000,0x000000008179c388,0x0000000085e00000)
 Metaspace       used 51351K, capacity 53468K, committed 53632K, reserved 1095680K
  class space    used 6503K, capacity 6937K, committed 7040K, reserved 1048576K
Event: 97.463 GC heap after
Heap after GC invocations=30 (full 2):
 PSYoungGen      total 668672K, used 18042K [0x00000000d5580000, 0x0000000100000000, 0x0000000100000000)
  eden space 638464K, 0% used [0x00000000d5580000,0x00000000d5580000,0x00000000fc500000)
  from space 30208K, 59% used [0x00000000fe280000,0x00000000ff41ebd8,0x0000000100000000)
  to   space 30208K, 0% used [0x00000000fc500000,0x00000000fc500000,0x00000000fe280000)
 ParOldGen       total 96256K, used 24926K [0x0000000080000000, 0x0000000085e00000, 0x00000000d5580000)
  object space 96256K, 25% used [0x0000000080000000,0x0000000081857bc8,0x0000000085e00000)
 Metaspace       used 51351K, capacity 53468K, committed 53632K, reserved 1095680K
  class space    used 6503K, capacity 6937K, committed 7040K, reserved 1048576K
}
Event: 103.703 GC heap before
{Heap before GC invocations=31 (full 2):
 PSYoungGen      total 668672K, used 656506K [0x00000000d5580000, 0x0000000100000000, 0x0000000100000000)
  eden space 638464K, 100% used [0x00000000d5580000,0x00000000fc500000,0x00000000fc500000)
  from space 30208K, 59% used [0x00000000fe280000,0x00000000ff41ebd8,0x0000000100000000)
  to   space 30208K, 0% used [0x00000000fc500000,0x00000000fc500000,0x00000000fe280000)
 ParOldGen       total 96256K, used 24926K [0x0000000080000000, 0x0000000085e00000, 0x00000000d5580000)
  object space 96256K, 25% used [0x0000000080000000,0x0000000081857bc8,0x0000000085e00000)
 Metaspace       used 55007K, capacity 57300K, committed 57600K, reserved 1099776K
  class space    used 6938K, capacity 7411K, committed 7424K, reserved 1048576K
Event: 103.754 GC heap after
Heap after GC invocations=31 (full 2):
 PSYoungGen      total 668672K, used 18511K [0x00000000d5580000, 0x0000000100000000, 0x0000000100000000)
  eden space 638464K, 0% used [0x00000000d5580000,0x00000000d5580000,0x00000000fc500000)
  from space 30208K, 61% used [0x00000000fc500000,0x00000000fd713c10,0x00000000fe280000)
  to   space 30208K, 0% used [0x00000000fe280000,0x00000000fe280000,0x0000000100000000)
 ParOldGen       total 96256K, used 25678K [0x0000000080000000, 0x0000000085e00000, 0x00000000d5580000)
  object space 96256K, 26% used [0x0000000080000000,0x0000000081913bc8,0x0000000085e00000)
 Metaspace       used 55007K, capacity 57300K, committed 57600K, reserved 1099776K
  class space    used 6938K, capacity 7411K, committed 7424K, reserved 1048576K
}
Event: 104.070 GC heap before
{Heap before GC invocations=32 (full 2):
 PSYoungGen      total 668672K, used 39947K [0x00000000d5580000, 0x0000000100000000, 0x0000000100000000)
  eden space 638464K, 3% used [0x00000000d5580000,0x00000000d6a6f0d0,0x00000000fc500000)
  from space 30208K, 61% used [0x00000000fc500000,0x00000000fd713c10,0x00000000fe280000)
  to   space 30208K, 0% used [0x00000000fe280000,0x00000000fe280000,0x0000000100000000)
 ParOldGen       total 96256K, used 25678K [0x0000000080000000, 0x0000000085e00000, 0x00000000d5580000)
  object space 96256K, 26% used [0x0000000080000000,0x0000000081913bc8,0x0000000085e00000)
 Metaspace       used 56757K, capacity 58970K, committed 59136K, reserved 1101824K
  class space    used 7150K, capacity 7604K, committed 7680K, reserved 1048576K
Event: 104.094 GC heap after
Heap after GC invocations=32 (full 2):
 PSYoungGen      total 666624K, used 16273K [0x00000000d5580000, 0x00000000ffe00000, 0x0000000100000000)
  eden space 638464K, 0% used [0x00000000d5580000,0x00000000d5580000,0x00000000fc500000)
  from space 28160K, 57% used [0x00000000fe280000,0x00000000ff2645b8,0x00000000ffe00000)
  to   space 29184K, 0% used [0x00000000fc500000,0x00000000fc500000,0x00000000fe180000)
 ParOldGen       total 96256K, used 26574K [0x0000000080000000, 0x0000000085e00000, 0x00000000d5580000)
  object space 96256K, 27% used [0x0000000080000000,0x00000000819f3bc8,0x0000000085e00000)
 Metaspace       used 56757K, capacity 58970K, committed 59136K, reserved 1101824K
  class space    used 7150K, capacity 7604K, committed 7680K, reserved 1048576K
}
Event: 104.094 GC heap before
{Heap before GC invocations=33 (full 3):
 PSYoungGen      total 666624K, used 16273K [0x00000000d5580000, 0x00000000ffe00000, 0x0000000100000000)
  eden space 638464K, 0% used [0x00000000d5580000,0x00000000d5580000,0x00000000fc500000)
  from space 28160K, 57% used [0x00000000fe280000,0x00000000ff2645b8,0x00000000ffe00000)
  to   space 29184K, 0% used [0x00000000fc500000,0x00000000fc500000,0x00000000fe180000)
 ParOldGen       total 96256K, used 26574K [0x0000000080000000, 0x0000000085e00000, 0x00000000d5580000)
  object space 96256K, 27% used [0x0000000080000000,0x00000000819f3bc8,0x0000000085e00000)
 Metaspace       used 56757K, capacity 58970K, committed 59136K, reserved 1101824K
  class space    used 7150K, capacity 7604K, committed 7680K, reserved 1048576K
Event: 104.767 GC heap after
Heap after GC invocations=33 (full 3):
 PSYoungGen      total 666624K, used 0K [0x00000000d5580000, 0x00000000ffe00000, 0x0000000100000000)
  eden space 638464K, 0% used [0x00000000d5580000,0x00000000d5580000,0x00000000fc500000)
  from space 28160K, 0% used [0x00000000fe280000,0x00000000fe280000,0x00000000ffe00000)
  to   space 29184K, 0% used [0x00000000fc500000,0x00000000fc500000,0x00000000fe180000)
 ParOldGen       total 116736K, used 30190K [0x0000000080000000, 0x0000000087200000, 0x00000000d5580000)
  object space 116736K, 25% used [0x0000000080000000,0x0000000081d7b9c8,0x0000000087200000)
 Metaspace       used 56659K, capacity 58794K, committed 59136K, reserved 1101824K
  class space    used 7121K, capacity 7569K, committed 7680K, reserved 1048576K
}

Deoptimization events (10 events):
Event: 105.846 Thread 0x000000001c6dc000 Uncommon trap: reason=unstable_if action=reinterpret pc=0x0000000004517f30 method=org.gradle.internal.reflect.PropertyAccessorType.of(Ljava/lang/reflect/Method;)Lorg/gradle/internal/reflect/PropertyAccessorType; @ 56
Event: 105.857 Thread 0x000000001c6dc000 Uncommon trap: reason=unstable_if action=reinterpret pc=0x0000000003e0e300 method=java.util.stream.ReduceOps$3.getOpFlags()I @ 17
Event: 105.858 Thread 0x000000001c6dc000 Uncommon trap: reason=bimorphic action=maybe_recompile pc=0x0000000002f6a4d8 method=java.util.stream.ReduceOps$3ReducingSink.begin(J)V @ 5
Event: 105.858 Thread 0x000000001c6dc000 Uncommon trap: reason=bimorphic action=maybe_recompile pc=0x0000000004408238 method=java.util.stream.ReduceOps$3ReducingSink.accept(Ljava/lang/Object;)V @ 9
Event: 105.858 Thread 0x000000001c6dc000 Uncommon trap: reason=bimorphic action=maybe_recompile pc=0x0000000004408238 method=java.util.stream.ReduceOps$3ReducingSink.accept(Ljava/lang/Object;)V @ 9
Event: 105.858 Thread 0x000000001c6dc000 Uncommon trap: reason=bimorphic action=maybe_recompile pc=0x0000000004408238 method=java.util.stream.ReduceOps$3ReducingSink.accept(Ljava/lang/Object;)V @ 9
Event: 106.037 Thread 0x000000001c6dc000 Uncommon trap: reason=unstable_if action=reinterpret pc=0x00000000045003cc method=java.util.regex.Pattern.sequence(Ljava/util/regex/Pattern$Node;)Ljava/util/regex/Pattern$Node; @ 536
Event: 106.059 Thread 0x000000001c6dc000 Uncommon trap: reason=unstable_if action=reinterpret pc=0x000000000470a630 method=java.util.regex.Pattern.closure(Ljava/util/regex/Pattern$Node;)Ljava/util/regex/Pattern$Node; @ 77
Event: 106.128 Thread 0x000000001c6dc000 Uncommon trap: reason=unstable_if action=reinterpret pc=0x00000000045e4330 method=org.gradle.internal.dispatch.ProxyDispatchAdapter$DispatchingInvocationHandler.invoke(Ljava/lang/Object;Ljava/lang/reflect/Method;[Ljava/lang/Object;)Ljava/lang/Object; @ 9
Event: 106.366 Thread 0x000000001c6dc000 Uncommon trap: reason=null_check action=make_not_entrant pc=0x00000000031ba71c method=java.lang.Class.searchMethods([Ljava/lang/reflect/Method;Ljava/lang/String;[Ljava/lang/Class;)Ljava/lang/reflect/Method; @ 59

Classes redefined (0 events):
No events

Internal exceptions (10 events):
Event: 106.501 Thread 0x000000001c6dc000 Exception <a 'java/lang/ClassNotFoundException': org/gradle/api/internal/DefaultNamedDomainObjectSetCustomizer> (0x00000000dbe1b4b8) thrown at [C:\src\AOSP-openjdk-git\hotspot\src\share\vm\classfile\systemDictionary.cpp, line 210]
Event: 106.505 Thread 0x000000001c6dc000 Exception <a 'java/lang/ClassNotFoundException': org/gradle/api/internal/AbstractNamedDomainObjectContainerCustomizer> (0x00000000dbe7da50) thrown at [C:\src\AOSP-openjdk-git\hotspot\src\share\vm\classfile\systemDictionary.cpp, line 210]
Event: 106.515 Thread 0x000000001c6dc000 Exception <a 'java/lang/ClassNotFoundException': org/gradle/api/internal/FactoryNamedDomainObjectContainerCustomizer> (0x00000000dbedddd0) thrown at [C:\src\AOSP-openjdk-git\hotspot\src\share\vm\classfile\systemDictionary.cpp, line 210]
Event: 106.519 Thread 0x000000001c6dc000 Exception <a 'java/lang/ClassNotFoundException': org/gradle/api/internal/FactoryNamedDomainObjectContainer_DecoratedCustomizer> (0x00000000dbf36fb8) thrown at [C:\src\AOSP-openjdk-git\hotspot\src\share\vm\classfile\systemDictionary.cpp, line 210]
Event: 106.556 Thread 0x000000001c6dc000 Exception <a 'java/lang/ClassNotFoundException': com/android/build/gradle/internal/dsl/BuildType_DecoratedBeanInfo> (0x00000000dc0a0770) thrown at [C:\src\AOSP-openjdk-git\hotspot\src\share\vm\classfile\systemDictionary.cpp, line 210]
Event: 106.557 Thread 0x000000001c6dc000 Exception <a 'java/lang/ClassNotFoundException': com/android/build/gradle/internal/dsl/BuildTypeBeanInfo> (0x00000000dc0bda48) thrown at [C:\src\AOSP-openjdk-git\hotspot\src\share\vm\classfile\systemDictionary.cpp, line 210]
Event: 106.560 Thread 0x000000001c6dc000 Exception <a 'java/lang/ClassNotFoundException': com/android/builder/core/AbstractBuildTypeBeanInfo> (0x00000000dc0d8d08) thrown at [C:\src\AOSP-openjdk-git\hotspot\src\share\vm\classfile\systemDictionary.cpp, line 210]
Event: 106.564 Thread 0x000000001c6dc000 Exception <a 'java/lang/ClassNotFoundException': com/android/builder/core/AbstractBuildTypeCustomizer> (0x00000000dc0f5278) thrown at [C:\src\AOSP-openjdk-git\hotspot\src\share\vm\classfile\systemDictionary.cpp, line 210]
Event: 106.568 Thread 0x000000001c6dc000 Exception <a 'java/lang/ClassNotFoundException': com/android/build/gradle/internal/dsl/BuildTypeCustomizer> (0x00000000dc13c6f8) thrown at [C:\src\AOSP-openjdk-git\hotspot\src\share\vm\classfile\systemDictionary.cpp, line 210]
Event: 106.577 Thread 0x000000001c6dc000 Exception <a 'java/lang/ClassNotFoundException': com/android/build/gradle/internal/dsl/BuildType_DecoratedCustomizer> (0x00000000dc2094b8) thrown at [C:\src\AOSP-openjdk-git\hotspot\src\share\vm\classfile\systemDictionary.cpp, line 210]

Events (10 events):
Event: 106.563 loading class com/android/builder/core/AbstractBuildTypeCustomizer
Event: 106.563 loading class com/android/builder/core/AbstractBuildTypeCustomizer done
Event: 106.567 loading class com/android/build/gradle/internal/dsl/BuildTypeCustomizer
Event: 106.567 loading class com/android/build/gradle/internal/dsl/BuildTypeCustomizer done
Event: 106.568 loading class com/android/build/gradle/internal/dsl/BuildTypeCustomizer
Event: 106.568 loading class com/android/build/gradle/internal/dsl/BuildTypeCustomizer done
Event: 106.576 loading class com/android/build/gradle/internal/dsl/BuildType_DecoratedCustomizer
Event: 106.576 loading class com/android/build/gradle/internal/dsl/BuildType_DecoratedCustomizer done
Event: 106.577 loading class com/android/build/gradle/internal/dsl/BuildType_DecoratedCustomizer
Event: 106.577 loading class com/android/build/gradle/internal/dsl/BuildType_DecoratedCustomizer done


Dynamic libraries:
0x00007ff6a0a60000 - 0x00007ff6a0a91000 	C:\Program Files\Android\Android Studio\jre\bin\java.exe
0x00007ffe39c50000 - 0x00007ffe39e45000 	C:\WINDOWS\SYSTEM32\ntdll.dll
0x00007ffe38240000 - 0x00007ffe382fd000 	C:\WINDOWS\System32\KERNEL32.DLL
0x00007ffe37530000 - 0x00007ffe377f8000 	C:\WINDOWS\System32\KERNELBASE.dll
0x00007ffe38040000 - 0x00007ffe380ec000 	C:\WINDOWS\System32\ADVAPI32.dll
0x00007ffe39700000 - 0x00007ffe3979e000 	C:\WINDOWS\System32\msvcrt.dll
0x00007ffe38c20000 - 0x00007ffe38cbb000 	C:\WINDOWS\System32\sechost.dll
0x00007ffe38af0000 - 0x00007ffe38c1b000 	C:\WINDOWS\System32\RPCRT4.dll
0x00007ffe38d70000 - 0x00007ffe38f10000 	C:\WINDOWS\System32\USER32.dll
0x00007ffe37c80000 - 0x00007ffe37ca2000 	C:\WINDOWS\System32\win32u.dll
0x00007ffe38ac0000 - 0x00007ffe38aea000 	C:\WINDOWS\System32\GDI32.dll
0x00007ffe378b0000 - 0x00007ffe379bb000 	C:\WINDOWS\System32\gdi32full.dll
0x00007ffe37390000 - 0x00007ffe3742d000 	C:\WINDOWS\System32\msvcp_win.dll
0x00007ffe37b20000 - 0x00007ffe37c20000 	C:\WINDOWS\System32\ucrtbase.dll
0x00007ffe19eb0000 - 0x00007ffe1a14a000 	C:\WINDOWS\WinSxS\amd64_microsoft.windows.common-controls_6595b64144ccf1df_6.0.19041.844_none_ca00b6081b84eb1d\COMCTL32.dll
0x00007ffe38210000 - 0x00007ffe38240000 	C:\WINDOWS\System32\IMM32.DLL
0x00000000751f0000 - 0x00000000752c2000 	C:\Program Files\Android\Android Studio\jre\jre\bin\msvcr100.dll
0x00000000752d0000 - 0x0000000075b1b000 	C:\Program Files\Android\Android Studio\jre\jre\bin\server\jvm.dll
0x00007ffe37cb0000 - 0x00007ffe37cb8000 	C:\WINDOWS\System32\PSAPI.DLL
0x00007ffe1e170000 - 0x00007ffe1e197000 	C:\WINDOWS\SYSTEM32\WINMM.dll
0x00007ffe0e880000 - 0x00007ffe0e889000 	C:\WINDOWS\SYSTEM32\WSOCK32.dll
0x00007ffe2d470000 - 0x00007ffe2d47a000 	C:\WINDOWS\SYSTEM32\VERSION.dll
0x00007ffe38300000 - 0x00007ffe3836b000 	C:\WINDOWS\System32\WS2_32.dll
0x00007ffe2e3a0000 - 0x00007ffe2e3af000 	C:\Program Files\Android\Android Studio\jre\jre\bin\verify.dll
0x00007ffdf1b10000 - 0x00007ffdf1b39000 	C:\Program Files\Android\Android Studio\jre\jre\bin\java.dll
0x00007ffdfdba0000 - 0x00007ffdfdbb6000 	C:\Program Files\Android\Android Studio\jre\jre\bin\zip.dll
0x00007ffe38370000 - 0x00007ffe38ab2000 	C:\WINDOWS\System32\SHELL32.dll
0x00007ffe32380000 - 0x00007ffe32b10000 	C:\WINDOWS\SYSTEM32\windows.storage.dll
0x00007ffe39180000 - 0x00007ffe394d5000 	C:\WINDOWS\System32\combase.dll
0x00007ffe36e00000 - 0x00007ffe36e2c000 	C:\WINDOWS\SYSTEM32\Wldp.dll
0x00007ffe39590000 - 0x00007ffe3963e000 	C:\WINDOWS\System32\SHCORE.dll
0x00007ffe38ff0000 - 0x00007ffe39045000 	C:\WINDOWS\System32\shlwapi.dll
0x00007ffe372d0000 - 0x00007ffe372ef000 	C:\WINDOWS\SYSTEM32\profapi.dll
0x00007ffdf51f0000 - 0x00007ffdf520a000 	C:\Program Files\Android\Android Studio\jre\jre\bin\net.dll
0x00007ffe36b70000 - 0x00007ffe36bda000 	C:\WINDOWS\system32\mswsock.dll
0x00007ffdf19f0000 - 0x00007ffdf1a03000 	C:\Program Files\Android\Android Studio\jre\jre\bin\nio.dll
0x00007ffe2c820000 - 0x00007ffe2c847000 	C:\Users\HP\.gradle\native\fdc75f09e3144964f2cf3f50f0aa648679c211496f362492102eb8c894070792\windows-amd64\native-platform.dll
0x00007ffde4910000 - 0x00007ffde4aa6000 	C:\Users\HP\.gradle\native\12488b8bf47d2d4c9fbf2f6322a914ad602e24e48041cd04a747c6da556b65c4\windows-amd64\native-platform-file-events.dll
0x00007ffe2e660000 - 0x00007ffe2e66d000 	C:\Program Files\Android\Android Studio\jre\jre\bin\management.dll
0x00007ffe36d50000 - 0x00007ffe36d68000 	C:\WINDOWS\SYSTEM32\CRYPTSP.dll
0x00007ffe364a0000 - 0x00007ffe364d4000 	C:\WINDOWS\system32\rsaenh.dll
0x00007ffe37480000 - 0x00007ffe374a7000 	C:\WINDOWS\System32\bcrypt.dll
0x00007ffe37290000 - 0x00007ffe372be000 	C:\WINDOWS\SYSTEM32\USERENV.dll
0x00007ffe374b0000 - 0x00007ffe37530000 	C:\WINDOWS\System32\bcryptprimitives.dll
0x00007ffe36d40000 - 0x00007ffe36d4c000 	C:\WINDOWS\SYSTEM32\CRYPTBASE.dll
0x00007ffe36810000 - 0x00007ffe3684b000 	C:\WINDOWS\SYSTEM32\IPHLPAPI.DLL
0x00007ffe39500000 - 0x00007ffe39508000 	C:\WINDOWS\System32\NSI.dll
0x00007ffe2de90000 - 0x00007ffe2dea7000 	C:\WINDOWS\SYSTEM32\dhcpcsvc6.DLL
0x00007ffe2dc50000 - 0x00007ffe2dc6d000 	C:\WINDOWS\SYSTEM32\dhcpcsvc.DLL
0x00007ffe36850000 - 0x00007ffe3691c000 	C:\WINDOWS\SYSTEM32\DNSAPI.dll
0x00007ffe2f750000 - 0x00007ffe2f75b000 	C:\WINDOWS\SYSTEM32\WINNSI.DLL
0x00007ffdf5220000 - 0x00007ffdf5244000 	C:\Program Files\Android\Android Studio\jre\jre\bin\sunec.dll
0x00007ffe229c0000 - 0x00007ffe229ca000 	C:\Windows\System32\rasadhlp.dll
0x00007ffe224f0000 - 0x00007ffe2256f000 	C:\WINDOWS\System32\fwpuclnt.dll
0x00007ffe2e390000 - 0x00007ffe2e39b000 	C:\Program Files\Android\Android Studio\jre\jre\bin\sunmscapi.dll
0x00007ffe379c0000 - 0x00007ffe37b1f000 	C:\WINDOWS\System32\CRYPT32.dll

VM Arguments:
jvm_args: -Xmx2048m -Dfile.encoding=UTF-8 -Duser.country=SG -Duser.language=en -Duser.variant 
java_command: org.gradle.launcher.daemon.bootstrap.GradleDaemon 6.7.1
java_class_path (initial): C:\Users\HP\.gradle\wrapper\dists\gradle-6.7.1-bin\bwlcbys1h7rz3272sye1xwiv6\gradle-6.7.1\lib\gradle-launcher-6.7.1.jar
Launcher Type: SUN_STANDARD

Environment Variables:
JAVA_HOME=C:\Program Files\Java\jdk1.8.0_281
PATH=C:\Program Files\Common Files\Oracle\Java\javapath;C:\Program Files (x86)\Common Files\Oracle\Java\javapath;C:\windows\system32;C:\windows;C:\windows\System32\Wbem;C:\windows\System32\WindowsPowerShell\v1.0\;C:\windows\System32\OpenSSH\;C:\Program Files (x86)\NVIDIA Corporation\PhysX\Common;C:\Program Files\Intel\WiFi\bin\;C:\Program Files\Common Files\Intel\WirelessCommon\;C:\Program Files\Microsoft SQL Server\Client SDK\ODBC\130\Tools\Binn\;C:\WINDOWS\system32;C:\WINDOWS;C:\WINDOWS\System32\Wbem;C:\WINDOWS\System32\WindowsPowerShell\v1.0\;C:\WINDOWS\System32\OpenSSH\;C:\Program Files\Microsoft SQL Server\Client SDK\ODBC\170\Tools\Binn\;C:\Program Files (x86)\Microsoft SQL Server\150\Tools\Binn\;C:\Program Files\Microsoft SQL Server\150\Tools\Binn\;C:\Program Files\Microsoft SQL Server\150\DTS\Binn\;C:\Program Files (x86)\Microsoft SQL Server\150\DTS\Binn\;C:\Program Files\dotnet\;C:\Program Files\Git\cmd;C:\Program Files\Java\apache-maven-3.6.0\bin;%JAVA_HOME%\bin;C:\Program Files\MySQL\MySQL Shell 8.0\bin\;C:\Users\HP\AppData\Local\Programs\Python\Python38-32\Scripts\;C:\Users\HP\AppData\Local\Programs\Python\Python38-32\;C:\Users\HP\AppData\Local\Microsoft\WindowsApps;C:\Users\HP\AppData\Local\Programs\Microsoft VS Code\bin;C:\Window\System32;C:\Users\HP\.dotnet\tools;C:\Program Files\MongoDB\Server\4.4\bin;C:\Program Files\Java\jdk1.8.0_281\bin;
USERNAME=HP
OS=Windows_NT
PROCESSOR_IDENTIFIER=Intel64 Family 6 Model 142 Stepping 11, GenuineIntel



---------------  S Y S T E M  ---------------

OS: Windows 10.0 , 64 bit Build 19041 (10.0.19041.928)

CPU:total 8 (initial active 8) (4 cores per cpu, 2 threads per core) family 6 model 142 stepping 11, cmov, cx8, fxsr, mmx, sse, sse2, sse3, ssse3, sse4.1, sse4.2, popcnt, avx, avx2, aes, clmul, erms, 3dnowpref, lzcnt, ht, tsc, tscinvbit, bmi1, bmi2, adx

Memory: 4k page, physical 8273204k(347644k free), swap 16661812k(296k free)

vm_info: OpenJDK 64-Bit Server VM (25.242-b01) for windows-amd64 JRE (1.8.0_242-release-1644-b01), built by "builder" with MS VC++ 10.0 (VS2010)

time: Tue Jun 01 23:30:17 2021
timezone: SE Asia Standard Time
elapsed time: 106 seconds (0d 0h 1m 46s)

